Thu 17:29: ########################################## 
Thu 17:29: Compiling.
Thu 17:29: ########################################## 

Thu 17:29: MaxCompiler version: 2014.2.
Thu 17:29: Build Coria run rule for BreastMammogramROIExtraction start time: Thu Apr 23 17:29:43 BST 2015.
Thu 17:29: Project location: /home/imilankovic/workspace/BreastMammogramROIExtraction.
Thu 17:29: Detailed build log: /home/imilankovic/workspace/BreastMammogramROIExtraction/RunRules/Coria/build.log.

Thu 17:29: Compiling Engine Code.
Thu 17:29: Building BreastMammogramROIExtraction.max file. 
Thu 17:29: Setting environment variable:
Thu 17:29: MAXCOMPILER_BUILD_DIR : /network-scratch/imilankovic/maxdc_builds/
Thu 17:29: MAX_BUILDPARAMS : DFEModel='CORIA' target='DFE' maxFileName='BreastMammogramROIExtraction'  
Thu 17:29: Building output:
Thu 17:29: MaxCompiler version: 2014.2
Thu 17:29: Build "BreastMammogramROIExtraction" start time: Thu Apr 23 17:29:47 BST 2015
Thu 17:29: Main build process running as user imilankovic on host nxws26.office.maxeler.com
Thu 17:29: Build location: /home/imilankovic/builds/23-04-15/BreastMammogramROIExtraction_CORIA_DFE
Thu 17:29: Detailed build log available in "_build.log"
Thu 17:29: Instantiating manager
Thu 17:29: Instantiating kernel "BreastMammogramROIExtractionKernel"
Thu 17:29: Compiling manager (CPU I/O Only)
Thu 17:29: 
Thu 17:29: Compiling kernel "BreastMammogramROIExtractionKernel"
Thu 17:30: Generating input files (VHDL, netlists, MegaWizard/CoreGen)
Thu 17:30: Engine build terminated by user.
Thu 17:30: Engine build terminated by user
Thu 17:30: Build failed: Thu Apr 23 17:30:11 BST 2015


