Thu 17:25: ########################################## 
Thu 17:25: Compiling.
Thu 17:25: ########################################## 

Thu 17:25: MaxCompiler version: 2014.2.
Thu 17:25: Build Maia run rule for BreastMammogramROIExtraction start time: Thu Apr 23 17:25:49 BST 2015.
Thu 17:25: Project location: /home/imilankovic/workspace/BreastMammogramROIExtraction.
Thu 17:25: Detailed build log: /home/imilankovic/workspace/BreastMammogramROIExtraction/RunRules/Maia/build.log.

Thu 17:25: Compiling Engine Code.
Thu 17:25: Building BreastMammogramROIExtraction.max file. 
Thu 17:25: Setting environment variable:
Thu 17:25: MAXCOMPILER_BUILD_DIR : /network-scratch/imilankovic/maxdc_builds/
Thu 17:25: MAX_BUILDPARAMS : DFEModel='MAIA' target='DFE' maxFileName='BreastMammogramROIExtraction' frequency='200'  
Thu 17:25: Building output:
Thu 17:25: Error in parameter validation:
  Found property "frequency" without corresponding declaration
--------------------
Thu 17:25: Command line arguments: [-h | --help | <parameters-file>] [PARAMETERS]
Thu 17:25: 
Where <parameters-file> contains PARAMETERS, one per line.
PARAMETERS are 'key=value' pairs specifying engine parameters.
Those without a default value must be defined. Parameters defined on the command
line take precedence over those defined in <parameters-file>.

Available parameters are: 
 DFEModel           <DFEModel>  
 maxFileName        <string>    
 target             <Target>     Possible values: [HDL_SIM, DFE_SIM, DFE]
Thu 17:25:  enableMPCX         <boolean>    (default: "false")
 MPPRStartCT        <integer>    (default: "1")
Thu 17:25:  MPPREndCT          <integer>    (default: "1")
Thu 17:25:  MPPRThreads        <integer>    (default: "1")
Thu 17:25:  MPPRRetryThreshold <integer>    (default: "0")
Thu 17:25: Building: BreastMammogramROIExtraction.max file finished.
Thu 17:25: Build process failed while trying to create BreastMammogramROIExtraction.max file
Thu 17:25: null
Thu 17:25: Build failed: Thu Apr 23 17:25:53 BST 2015


