Thu 17:20: ########################################## 
Thu 17:20: Compiling.
Thu 17:20: ########################################## 

Thu 17:20: MaxCompiler version: 2014.2.
Thu 17:20: Build Simulation run rule for BreastMammogramROIExtraction start time: Thu Apr 23 17:20:00 BST 2015.
Thu 17:20: Project location: /home/imilankovic/workspace/BreastMammogramROIExtraction.
Thu 17:20: Detailed build log: /home/imilankovic/workspace/BreastMammogramROIExtraction/RunRules/Simulation/build.log.

Thu 17:20: Compiling Engine Code.
Thu 17:20: Engine building skipped (no changes on .max files).
Thu 17:20: Compiling CPU Code.
Thu 17:20: Run CPU project make files updating
Thu 17:20: Executing command:
Thu 17:20: java -jar /network-raid/opt/maxcompiler-2014.2/lib/MaxIDE/projectAdmin.jar -u /home/imilankovic/workspace/BreastMammogramROIExtraction Simulation 
Thu 17:20: Command output:

Thu 17:20: MaxCompiler Project Admin Tool Version 2014.2
Thu 17:20:  Copyright Maxeler Technologies 2010 - 2014. All rights reserved.
Thu 17:20: Handler version 2
Thu 17:20: Updating RunRule dependent Makefiles for RunRule 'Simulation'
Thu 17:20: 	Updating: Simulation
Thu 17:20: Found makefiles: 1
Thu 17:20: 	Updated: Simulation
Thu 17:20: Run CPU make.
Thu 17:20: make RUNRULE=Simulation 
Thu 17:20: Command output:
Thu 17:20: make -f Makefile.rules build
Thu 17:20: make[1]: Entering directory `/home/imilankovic/workspace/BreastMammogramROIExtraction/CPUCode'
Thu 17:20: set -e; rm -f ../RunRules/Simulation/objects/c/BreastMammogramROIExtractionCpuCode.d ;                                                             \
Thu 17:20: 	  cc -M -std=gnu99 -g -O3 -Wall -Wextra -I../RunRules/Simulation/include  -I '/network-raid/opt/maxcompiler-2014.2/include/slic'  -Wno-error BreastMammogramROIExtractionCpuCode.c > ../RunRules/Simulation/objects/c/BreastMammogramROIExtractionCpuCode.d.$$ ;                                 \
Thu 17:20:       sed 's,\(BreastMammogramROIExtractionCpuCode\)\.o[ :]*,../RunRules/Simulation/objects/c/\1.o ../RunRules/Simulation/objects/c/BreastMammogramROIExtractionCpuCode.d : ,g' < ../RunRules/Simulation/objects/c/BreastMammogramROIExtractionCpuCode.d.$$ > ../RunRules/Simulation/objects/c/BreastMammogramROIExtractionCpuCode.d; \
Thu 17:20:       rm -f ../RunRules/Simulation/objects/c/BreastMammogramROIExtractionCpuCode.d.$$
Thu 17:20: make[1]: Leaving directory `/home/imilankovic/workspace/BreastMammogramROIExtraction/CPUCode'
Thu 17:20: make[1]: Entering directory `/home/imilankovic/workspace/BreastMammogramROIExtraction/CPUCode'
Thu 17:20: cc -std=gnu99 -g -O3 -Wall -Wextra -I../RunRules/Simulation/include  -I '/network-raid/opt/maxcompiler-2014.2/include/slic'  -c BreastMammogramROIExtractionCpuCode.c -o ../RunRules/Simulation/objects/c/BreastMammogramROIExtractionCpuCode.o
Thu 17:20: cc -std=gnu99 -g -O3 -Wall -Wextra -I../RunRules/Simulation/include  -I '/network-raid/opt/maxcompiler-2014.2/include/slic'  -o ../RunRules/Simulation/binaries/BreastMammogramROIExtractionSim ../RunRules/Simulation/objects/maxfiles/slic_BreastMammogramROIExtraction.o ../RunRules/Simulation/objects/c/BreastMammogramROIExtractionCpuCode.o -g -O3  -L '/network-raid/opt/maxcompiler-2014.2/lib' -lslic -L '/network-raid/opt/maxeleros-2014.2/maxeleros/lib' -lmaxeleros -lpthread -lm -lrt 
Thu 17:20: make[1]: Leaving directory `/home/imilankovic/workspace/BreastMammogramROIExtraction/CPUCode'
Thu 17:20: Build completed: Thu Apr 23 17:20:01 BST 2015


Thu 17:20: ########################################## 
Thu 17:20: Running
Thu 17:20: ########################################## 
Thu 17:20: Executing command:
Thu 17:20: '/home/imilankovic/workspace/BreastMammogramROIExtraction/RunRules/Simulation/binaries/BreastMammogramROIExtractionSim' 
Thu 17:20: Command output:
Thu 17:20: Generating data to send to FPGA.
Thu 17:20: Opening and configuring FPGA.
Thu 17:20: Elapsed time: 20820 milliseconds 
Thu 17:20: Outputting data read from FPGA.
Thu 17:20: Shutting down
Thu 17:20: Process terminated with exit code 0.
